<?xml version="1.0" encoding="UTF-8"?>
<testsuite xmlns:xsi="http://www.w3.org/2001/XMLSchema-instance" xsi:noNamespaceSchemaLocation="https://maven.apache.org/surefire/maven-surefire-plugin/xsd/surefire-test-report.xsd" version="3.0.2" name="com.example.wordfreq.CsvExporterTest" time="0.047" tests="2" errors="0" skipped="0" failures="0">
  <properties>
[...]
</properties>
  <testcase name="exportShouldHandleEmptyMap" classname="com.example.wordfreq.CsvExporterTest" time="0.037"/>
  <testcase name="exportShouldProduceCsvWithHeaders" classname="com.example.wordfreq.CsvExporterTest" time="0.003"/>
</testsuite>